Owner: Dhineshkumar0511, Repo: Brain_tumor
Using token: ghp_9An
Fetching: https://api.github.com/repos/Dhineshkumar0511/Brain_tumor/contents/
Status: 200
Fetching: https://api.github.com/repos/Dhineshkumar0511/Brain_tumor/contents/Brain%20tumour%20data
Status: 200
Fetching: https://api.github.com/repos/Dhineshkumar0511/Brain_tumor/contents/Brain%20tumour%20data/Testing
Status: 200
Fetching: https://api.github.com/repos/Dhineshkumar0511/Brain_tumor/contents/Brain%20tumour%20data/Testing/glioma
Status: 200
Fetching: https://api.github.com/repos/Dhineshkumar0511/Brain_tumor/contents/Brain%20tumour%20data/Testing/meningioma
Status: 200
Fetching: https://api.github.com/repos/Dhineshkumar0511/Brain_tumor/contents/Brain%20tumour%20data/Testing/notumor
Status: 200
Fetching: https://api.github.com/repos/Dhineshkumar0511/Brain_tumor/contents/Brain%20tumour%20data/Testing/pituitary
Status: 200
Fetching: https://api.github.com/repos/Dhineshkumar0511/Brain_tumor/contents/Brain%20tumour%20data/Training
Status: 200
Fetching: https://api.github.com/repos/Dhineshkumar0511/Brain_tumor/contents/Brain%20tumour%20data/Training/glioma
Status: 200
Fetching: https://api.github.com/repos/Dhineshkumar0511/Brain_tumor/contents/Brain%20tumour%20data/Training/meningioma
Status: 200
Fetching: https://api.github.com/repos/Dhineshkumar0511/Brain_tumor/contents/Brain%20tumour%20data/Training/notumor
Status: 200
Fetching: https://api.github.com/repos/Dhineshkumar0511/Brain_tumor/contents/Brain%20tumour%20data/Training/pituitary
Status: 200
Fetching: https://api.github.com/repos/Dhineshkumar0511/Brain_tumor/contents/aipexproject1
Status: 200
Fetching: https://api.github.com/repos/Dhineshkumar0511/Brain_tumor/contents/aipexproject1/public
Status: 200
Fetching: https://api.github.com/repos/Dhineshkumar0511/Brain_tumor/contents/aipexproject1/src
Status: 200
Fetching: https://api.github.com/repos/Dhineshkumar0511/Brain_tumor/contents/aipexproject1/src/app
Status: 200
Fetching: https://api.github.com/repos/Dhineshkumar0511/Brain_tumor/contents/hackellite
Status: 200
Fetching: https://api.github.com/repos/Dhineshkumar0511/Brain_tumor/contents/hackellite/dl
Status: 200
Fetching: https://api.github.com/repos/Dhineshkumar0511/Brain_tumor/contents/hackellite/dl/static
Status: 200
Fetching: https://api.github.com/repos/Dhineshkumar0511/Brain_tumor/contents/hackellite/dl/static/images
Status: 200
Fetching: https://api.github.com/repos/Dhineshkumar0511/Brain_tumor/contents/hackellite/dl/templates
Status: 200
Fetching: https://api.github.com/repos/Dhineshkumar0511/Brain_tumor/contents/hackellite/website
Status: 200
Fetching: https://api.github.com/repos/Dhineshkumar0511/Brain_tumor/contents/hackellite/website/img
Status: 200
Fetching: https://api.github.com/repos/Dhineshkumar0511/Brain_tumor/contents/pancreatic
Status: 200
Fetching: https://api.github.com/repos/Dhineshkumar0511/Brain_tumor/contents/pancreatic/HEALTHY
Status: 200
Fetching: https://api.github.com/repos/Dhineshkumar0511/Brain_tumor/contents/pancreatic/Unhealthy
Status: 200
Fetching: https://api.github.com/repos/Dhineshkumar0511/Brain_tumor/contents/static
Status: 200
Fetching: https://api.github.com/repos/Dhineshkumar0511/Brain_tumor/contents/templates
Status: 200
Fetching: https://api.github.com/repos/Dhineshkumar0511/Brain_tumor/contents/website
Status: 200
Fetching: https://api.github.com/repos/Dhineshkumar0511/Brain_tumor/contents/website/img
Status: 200
Done. Found 88 files.
